<?xml version="1.0" encoding="utf-8"?><testsuites><testsuite name="pytest" errors="0" failures="0" skipped="0" tests="10" time="5.885" timestamp="2024-12-09T00:24:22.681629" hostname="Nik"><testcase classname="tests.test_auth" name="test_user_authorization_failure" time="0.018" /><testcase classname="tests.test_auth" name="test_registr_duplicate" time="0.056" /><testcase classname="tests.test_auth" name="test_get_non_existing_film" time="0.028" /><testcase classname="tests.test_auth" name="test_delete_non_existing_film" time="0.088" /><testcase classname="tests.test_auth" name="test_add_film_with_missing_fields" time="0.022" /><testcase classname="tests.test_auth" name="test_regist" time="0.081" /><testcase classname="tests.test_auth" name="test_add_film" time="0.055" /><testcase classname="tests.test_auth" name="test_delete_film" time="0.056" /><testcase classname="tests.test_auth" name="test_get_recommendations" time="3.127" /><testcase classname="tests.test_auth" name="test_full_scenario" time="2.268" /></testsuite></testsuites>